#
# There is insufficient memory for the Java Runtime Environment to continue.
# Native memory allocation (mmap) failed to map 67108864 bytes for Failed to commit area from 0x00000000c0000000 to 0x00000000c4000000 of length 67108864.
# Possible reasons:
#   The system is out of physical RAM or swap space
#   The process is running with CompressedOops enabled, and the Java Heap may be blocking the growth of the native heap
# Possible solutions:
#   Reduce memory load on the system
#   Increase physical memory or swap space
#   Check if swap backing store is full
#   Decrease Java heap size (-Xmx/-Xms)
#   Decrease number of Java threads
#   Decrease Java thread stack sizes (-Xss)
#   Set larger code cache with -XX:ReservedCodeCacheSize=
# This output file may be truncated or incomplete.
#
#  Out of Memory Error (./src/hotspot/os/windows/os_windows.cpp:3387), pid=14136, tid=5028
#
# JRE version:  (11.0.14.1+1) (build )
# Java VM: OpenJDK 64-Bit Server VM (11.0.14.1+1, mixed mode, sharing, tiered, compressed oops, g1 gc, windows-amd64)
# No core dump will be written. Minidumps are not enabled by default on client versions of Windows
#

---------------  S U M M A R Y ------------

Command Line: 

Host: Intel(R) Core(TM)2 Quad CPU    Q9400  @ 2.66GHz, 4 cores, 3G,  Windows 10 , 64 bit Build 17763 (10.0.17763.6292)
Time: Sun Nov 24 17:59:55 2024 RTZ 2 (ceia) elapsed time: 0.136071 seconds (0d 0h 0m 0s)

---------------  T H R E A D  ---------------

Current thread (0x000001c254701800):  JavaThread "Unknown thread" [_thread_in_vm, id=5028, stack(0x0000008ebdb00000,0x0000008ebdc00000)]

Stack: [0x0000008ebdb00000,0x0000008ebdc00000]
Native frames: (J=compiled Java code, j=interpreted, Vv=VM code, C=native code)
V  [jvm.dll+0x61e59a]
V  [jvm.dll+0x7aaca9]
V  [jvm.dll+0x7ac398]
V  [jvm.dll+0x7aca73]
V  [jvm.dll+0x24f9b8]
V  [jvm.dll+0x61b83a]
V  [jvm.dll+0x6100c5]
V  [jvm.dll+0x30772c]
V  [jvm.dll+0x3075b2]
V  [jvm.dll+0x30c2d6]
V  [jvm.dll+0x35272f]
V  [jvm.dll+0x352160]
V  [jvm.dll+0x2e4728]
V  [jvm.dll+0x2e5886]
V  [jvm.dll+0x784b07]
V  [jvm.dll+0x78628f]
V  [jvm.dll+0x35f479]
V  [jvm.dll+0x767aa0]
V  [jvm.dll+0x3ccf1f]
V  [jvm.dll+0x3cf2b1]
C  [jli.dll+0x5207]
C  [ucrtbase.dll+0x2268a]
C  [KERNEL32.DLL+0x17ac4]
C  [ntdll.dll+0x5a8c1]


---------------  P R O C E S S  ---------------

Threads class SMR info:
_java_thread_list=0x000001c2524c4fe0, length=0, elements={
}

Java Threads: ( => current thread )

Other Threads:
  0x000001c25471b800 GCTaskThread "GC Thread#0" [stack: 0x0000008ebdc00000,0x0000008ebdd00000] [id=16416]
  0x000001c254736800 ConcurrentGCThread "G1 Main Marker" [stack: 0x0000008ebdd00000,0x0000008ebde00000] [id=16412]
  0x000001c254738000 ConcurrentGCThread "G1 Conc#0" [stack: 0x0000008ebde00000,0x0000008ebdf00000] [id=16512]

[error occurred during error reporting (printing all threads), id 0xc0000005, EXCEPTION_ACCESS_VIOLATION (0xc0000005) at pc=0x00007ff9ef003ef7]

VM state:not at safepoint (not fully initialized)

VM Mutex/Monitor currently owned by a thread:  ([mutex/lock_event])
[0x000001c2546ff550] Heap_lock - owner thread: 0x000001c254701800

Heap address: 0x00000000c0000000, size: 1024 MB, Compressed Oops mode: Non-zero based: 0x00000000c0000000
Narrow klass base: 0x0000000000000000, Narrow klass shift: 0

GC Heap History (0 events):
No events

Deoptimization events (0 events):
No events

Classes redefined (0 events):
No events

Internal exceptions (0 events):
No events

Events (1 events):
Event: 0.092 Loaded shared library C:\Program Files\Unity\Hub\Editor\2022.3.47f1\Editor\Data\PlaybackEngines\AndroidPlayer\OpenJDK\bin\zip.dll


Dynamic libraries:
0x00007ff6d92a0000 - 0x00007ff6d92ad000 	C:\Program Files\Unity\Hub\Editor\2022.3.47f1\Editor\Data\PlaybackEngines\AndroidPlayer\OpenJDK\bin\java.exe
0x00007ffaa16d0000 - 0x00007ffaa18be000 	C:\Windows\SYSTEM32\ntdll.dll
0x00007ffaa1530000 - 0x00007ffaa15e3000 	C:\Windows\System32\KERNEL32.DLL
0x00007ffa9df00000 - 0x00007ffa9e19d000 	C:\Windows\System32\KERNELBASE.dll
0x00007ffa9ddb0000 - 0x00007ffa9deaa000 	C:\Windows\System32\ucrtbase.dll
0x00007ffa7df10000 - 0x00007ffa7df25000 	C:\Program Files\Unity\Hub\Editor\2022.3.47f1\Editor\Data\PlaybackEngines\AndroidPlayer\OpenJDK\bin\VCRUNTIME140.dll
0x00007ffa6ce60000 - 0x00007ffa6ce77000 	C:\Program Files\Unity\Hub\Editor\2022.3.47f1\Editor\Data\PlaybackEngines\AndroidPlayer\OpenJDK\bin\jli.dll
0x00007ffaa0cd0000 - 0x00007ffaa0e67000 	C:\Windows\System32\USER32.dll
0x00007ffa8f130000 - 0x00007ffa8f3a9000 	C:\Windows\WinSxS\amd64_microsoft.windows.common-controls_6595b64144ccf1df_6.0.17763.6293_none_de76a9f2534660ca\COMCTL32.dll
0x00007ffa9dd90000 - 0x00007ffa9ddb0000 	C:\Windows\System32\win32u.dll
0x00007ffa9ef50000 - 0x00007ffa9ef79000 	C:\Windows\System32\GDI32.dll
0x00007ffa9db80000 - 0x00007ffa9dd28000 	C:\Windows\System32\gdi32full.dll
0x00007ffa9d750000 - 0x00007ffa9d7f0000 	C:\Windows\System32\msvcp_win.dll
0x00007ffaa1600000 - 0x00007ffaa169e000 	C:\Windows\System32\msvcrt.dll
0x00007ffaa0640000 - 0x00007ffaa096a000 	C:\Windows\System32\combase.dll
0x00007ffaa0970000 - 0x00007ffaa0a88000 	C:\Windows\System32\RPCRT4.dll
0x00007ffa9d7f0000 - 0x00007ffa9d872000 	C:\Windows\System32\bcryptPrimitives.dll
0x00007ffaa0f20000 - 0x00007ffaa0f4e000 	C:\Windows\System32\IMM32.DLL
0x00007ffa679c0000 - 0x00007ffa67a5b000 	C:\Program Files\Unity\Hub\Editor\2022.3.47f1\Editor\Data\PlaybackEngines\AndroidPlayer\OpenJDK\bin\msvcp140.dll
0x00007ff9eed10000 - 0x00007ff9ef891000 	C:\Program Files\Unity\Hub\Editor\2022.3.47f1\Editor\Data\PlaybackEngines\AndroidPlayer\OpenJDK\bin\server\jvm.dll
0x00007ffaa0e70000 - 0x00007ffaa0f18000 	C:\Windows\System32\ADVAPI32.dll
0x00007ffa9ea20000 - 0x00007ffa9eac2000 	C:\Windows\System32\sechost.dll
0x00007ffa9d930000 - 0x00007ffa9d956000 	C:\Windows\System32\bcrypt.dll
0x00007ffaa1350000 - 0x00007ffaa1358000 	C:\Windows\System32\PSAPI.DLL
0x00007ffa8bf60000 - 0x00007ffa8bf69000 	C:\Windows\SYSTEM32\WSOCK32.dll
0x00007ffaa0bf0000 - 0x00007ffaa0c5d000 	C:\Windows\System32\WS2_32.dll
0x00007ffa96b60000 - 0x00007ffa96b6a000 	C:\Windows\SYSTEM32\VERSION.dll
0x00007ffa9b010000 - 0x00007ffa9b034000 	C:\Windows\SYSTEM32\WINMM.dll
0x00007ffa9afd0000 - 0x00007ffa9affd000 	C:\Windows\SYSTEM32\WINMMBASE.dll
0x00007ffa9deb0000 - 0x00007ffa9defa000 	C:\Windows\System32\cfgmgr32.dll
0x00007ffa9d6d0000 - 0x00007ffa9d6e1000 	C:\Windows\System32\kernel.appcore.dll
0x00007ffa7ea40000 - 0x00007ffa7ea50000 	C:\Program Files\Unity\Hub\Editor\2022.3.47f1\Editor\Data\PlaybackEngines\AndroidPlayer\OpenJDK\bin\verify.dll
0x00007ffa97fb0000 - 0x00007ffa9819d000 	C:\Windows\SYSTEM32\DBGHELP.DLL
0x00007ffa92930000 - 0x00007ffa9295a000 	C:\Windows\SYSTEM32\dbgcore.DLL
0x00007ffa6bf00000 - 0x00007ffa6bf28000 	C:\Program Files\Unity\Hub\Editor\2022.3.47f1\Editor\Data\PlaybackEngines\AndroidPlayer\OpenJDK\bin\java.dll
0x00007ffa7e900000 - 0x00007ffa7e90a000 	C:\Program Files\Unity\Hub\Editor\2022.3.47f1\Editor\Data\PlaybackEngines\AndroidPlayer\OpenJDK\bin\jimage.dll
0x00007ffa6cbd0000 - 0x00007ffa6cbe8000 	C:\Program Files\Unity\Hub\Editor\2022.3.47f1\Editor\Data\PlaybackEngines\AndroidPlayer\OpenJDK\bin\zip.dll

dbghelp: loaded successfully - version: 4.0.5 - missing functions: none
symbol engine: initialized successfully - sym options: 0x614 - pdb path: .;C:\Program Files\Unity\Hub\Editor\2022.3.47f1\Editor\Data\PlaybackEngines\AndroidPlayer\OpenJDK\bin;C:\Windows\SYSTEM32;C:\Windows\WinSxS\amd64_microsoft.windows.common-controls_6595b64144ccf1df_6.0.17763.6293_none_de76a9f2534660ca;C:\Program Files\Unity\Hub\Editor\2022.3.47f1\Editor\Data\PlaybackEngines\AndroidPlayer\OpenJDK\bin\server

VM Arguments:
java_command: <unknown>
java_class_path (initial): <not set>
Launcher Type: SUN_STANDARD

[Global flags]
     intx CICompilerCount                          = 3                                         {product} {ergonomic}
     uint ConcGCThreads                            = 1                                         {product} {ergonomic}
     uint G1ConcRefinementThreads                  = 4                                         {product} {ergonomic}
   size_t G1HeapRegionSize                         = 1048576                                   {product} {ergonomic}
    uintx GCDrainStackTargetSize                   = 64                                        {product} {ergonomic}
   size_t InitialHeapSize                          = 67108864                                  {product} {ergonomic}
   size_t MarkStackSize                            = 4194304                                   {product} {ergonomic}
   size_t MaxHeapSize                              = 1073741824                                {product} {ergonomic}
   size_t MinHeapDeltaBytes                        = 1048576                                   {product} {ergonomic}
    uintx NonNMethodCodeHeapSize                   = 5830732                                {pd product} {ergonomic}
    uintx NonProfiledCodeHeapSize                  = 122913754                              {pd product} {ergonomic}
    uintx ProfiledCodeHeapSize                     = 122913754                              {pd product} {ergonomic}
    uintx ReservedCodeCacheSize                    = 251658240                              {pd product} {ergonomic}
     bool SegmentedCodeCache                       = true                                      {product} {ergonomic}
     bool UseCompressedClassPointers               = true                                 {lp64_product} {ergonomic}
     bool UseCompressedOops                        = true                                 {lp64_product} {ergonomic}
     bool UseG1GC                                  = true                                      {product} {ergonomic}
     bool UseLargePagesIndividualAllocation        = false                                  {pd product} {ergonomic}

Logging:
Log output configuration:
 #0: stdout all=warning uptime,level,tags
 #1: stderr all=off uptime,level,tags

Environment Variables:
JAVA_HOME=C:\Program Files\Unity\Hub\Editor\2022.3.47f1\Editor\Data\PlaybackEngines\AndroidPlayer\OpenJDK
PATH=C:\Windows\system32;C:\Windows;C:\Windows\System32\Wbem;C:\Windows\System32\WindowsPowerShell\v1.0\;C:\Windows\System32\OpenSSH\;C:\Program Files (x86)\Windows Kits\10\Windows Performance Toolkit\;C:\Program Files\Redis\;C:\Program Files\Git\cmd;C:\Python312\Scripts\;C:\Python312\;C:\Users\Вадим\AppData\Local\Programs\Python\Launcher\;C:\Users\Вадим\AppData\Local\Microsoft\WindowsApps;C:\Users\Вадим\AppData\Local\GitHubDesktop\bin;C:\Users\Вадим\AppData\Local\Programs\Microsoft VS Code\bin;C:\Program Files\JetBrains\PyCharm 2024.3\bin;
USERNAME=Вадим
OS=Windows_NT
PROCESSOR_IDENTIFIER=Intel64 Family 6 Model 23 Stepping 10, GenuineIntel



---------------  S Y S T E M  ---------------

OS: Windows 10 , 64 bit Build 17763 (10.0.17763.6292)
OS uptime: 3 days 2:07 hours

CPU:total 4 (initial active 4) (4 cores per cpu, 1 threads per core) family 6 model 23 stepping 10 microcode 0xa0c, cmov, cx8, fxsr, mmx, sse, sse2, sse3, ssse3, sse4.1, tsc

Memory: 4k page, system-wide physical 4094M (67M free)
TotalPageFile size 16382M (AvailPageFile size 20M)
current process WorkingSet (physical memory assigned to process): 9M, peak: 9M
current process commit charge ("private bytes"): 51M, peak: 115M

vm_info: OpenJDK 64-Bit Server VM (11.0.14.1+1) for windows-amd64 JRE (11.0.14.1+1), built on Feb  9 2022 01:48:27 by "" with unknown MS VC++:1916

END.
